<?xml version="1.0" encoding="UTF-8"?>
<!-- Generated by org.testng.reporters.JUnitXMLReporter -->
<testsuite ignored="0" hostname="Nagarjuna-Y" failures="1" tests="4" name="RideNow_and_Reservation" time="68.829" errors="0" timestamp="25 Apr 2018 06:49:19 GMT">
  <testcase classname="com.test.automation.RakuRaku.homepage.TC005_VerifyReservationbooking" name="reservationBooking" time="10.635">
    <skipped/>
  </testcase> <!-- reservationBooking -->
  <testcase classname="com.test.automation.RakuRaku.homepage.TC005_VerifyReservationbooking" name="reservationBooking" time="6.663">
    <skipped/>
  </testcase> <!-- reservationBooking -->
  <testcase classname="com.test.automation.RakuRaku.homepage.TC005_VerifyReservationbooking" name="reservationBooking" time="7.149">
    <skipped/>
  </testcase> <!-- reservationBooking -->
  <testcase classname="com.test.automation.RakuRaku.homepage.TC005_VerifyReservationbooking" name="reservationBooking" time="6.454">
    <failure type="org.openqa.selenium.InvalidSelectorException" message="Given xpath expression &amp;quot;//*[@id=&amp;quot;ddlDate&amp;quot;]/option[]&amp;quot; is invalid: SyntaxError: The expression is not a legal expression.
For documentation on this error, please visit: http://seleniumhq.org/exceptions/invalid_selector_exception.html
Build info: version: &amp;apos;3.11.0&amp;apos;, revision: &amp;apos;e59cfb3&amp;apos;, time: &amp;apos;2018-03-11T20:26:55.152Z&amp;apos;
System info: host: &amp;apos;NAGARJUNA-Y&amp;apos;, ip: &amp;apos;192.168.167.149&amp;apos;, os.name: &amp;apos;Windows 8.1&amp;apos;, os.arch: &amp;apos;amd64&amp;apos;, os.version: &amp;apos;6.3&amp;apos;, java.version: &amp;apos;9.0.4&amp;apos;
Driver info: org.openqa.selenium.firefox.FirefoxDriver
Capabilities {acceptInsecureCerts: true, browserName: firefox, browserVersion: 60.0, javascriptEnabled: true, moz:accessibilityChecks: false, moz:headless: false, moz:processID: 7136, moz:profile: C:\Users\nagarjuna\AppData\..., moz:useNonSpecCompliantPointerOrigin: false, moz:webdriverClick: true, pageLoadStrategy: normal, platform: XP, platformName: XP, platformVersion: 6.3, rotatable: false, timeouts: {implicit: 0, pageLoad: 300000, script: 30000}}
Session ID: dfe567fe-02b4-45d1-94b4-f5e85cb526a6
*** Element info: {Using=xpath, value=//*[@id=&amp;quot;ddlDate&amp;quot;]/option[]}">
      <![CDATA[org.openqa.selenium.InvalidSelectorException: Given xpath expression "//*[@id="ddlDate"]/option[]" is invalid: SyntaxError: The expression is not a legal expression.
For documentation on this error, please visit: http://seleniumhq.org/exceptions/invalid_selector_exception.html
Build info: version: '3.11.0', revision: 'e59cfb3', time: '2018-03-11T20:26:55.152Z'
System info: host: 'NAGARJUNA-Y', ip: '192.168.167.149', os.name: 'Windows 8.1', os.arch: 'amd64', os.version: '6.3', java.version: '9.0.4'
Driver info: org.openqa.selenium.firefox.FirefoxDriver
Capabilities {acceptInsecureCerts: true, browserName: firefox, browserVersion: 60.0, javascriptEnabled: true, moz:accessibilityChecks: false, moz:headless: false, moz:processID: 7136, moz:profile: C:\Users\nagarjuna\AppData\..., moz:useNonSpecCompliantPointerOrigin: false, moz:webdriverClick: true, pageLoadStrategy: normal, platform: XP, platformName: XP, platformVersion: 6.3, rotatable: false, timeouts: {implicit: 0, pageLoad: 300000, script: 30000}}
Session ID: dfe567fe-02b4-45d1-94b4-f5e85cb526a6
*** Element info: {Using=xpath, value=//*[@id="ddlDate"]/option[]}
at org.openqa.selenium.remote.http.W3CHttpResponseCodec.createException(W3CHttpResponseCodec.java:187)
at org.openqa.selenium.remote.http.W3CHttpResponseCodec.decode(W3CHttpResponseCodec.java:122)
at org.openqa.selenium.remote.http.W3CHttpResponseCodec.decode(W3CHttpResponseCodec.java:49)
at org.openqa.selenium.remote.HttpCommandExecutor.execute(HttpCommandExecutor.java:158)
at org.openqa.selenium.remote.service.DriverCommandExecutor.execute(DriverCommandExecutor.java:83)
at org.openqa.selenium.remote.RemoteWebDriver.execute(RemoteWebDriver.java:545)
at org.openqa.selenium.remote.RemoteWebDriver.findElement(RemoteWebDriver.java:319)
at org.openqa.selenium.remote.RemoteWebDriver.findElementByXPath(RemoteWebDriver.java:421)
at org.openqa.selenium.By$ByXPath.findElement(By.java:361)
at org.openqa.selenium.remote.RemoteWebDriver.findElement(RemoteWebDriver.java:311)
at org.openqa.selenium.support.pagefactory.DefaultElementLocator.findElement(DefaultElementLocator.java:69)
at org.openqa.selenium.support.pagefactory.internal.LocatingElementHandler.invoke(LocatingElementHandler.java:38)
at com.sun.proxy.$Proxy13.click(Unknown Source)
at com.test.automation.RakuRaku.uiActions.PlaceOrder_Reservation.loginToApplication(PlaceOrder_Reservation.java:69)
at com.test.automation.RakuRaku.homepage.TC005_VerifyReservationbooking.reservationBooking(TC005_VerifyReservationbooking.java:49)
... Removed 29 stack frames]]>
    </failure>
  </testcase> <!-- reservationBooking -->
</testsuite> <!-- RideNow_and_Reservation -->
