<?xml version="1.0" encoding="UTF-8"?>
<!-- Generated by org.testng.reporters.JUnitXMLReporter -->
<testsuite ignored="0" hostname="Nagarjuna-Y" failures="1" tests="1" name="TC004_VerifyRideNowBookingAllocated" time="258.148" errors="0" timestamp="23 Apr 2018 07:04:13 GMT">
  <testcase classname="com.test.automation.RakuRaku.homepage.TC004_VerifyRideNowBookingAllocated" name="rideNow" time="248.16">
    <failure type="org.openqa.selenium.TimeoutException" message="Expected condition failed: waiting for com.test.automation.RakuRaku.homepage.TC004_VerifyRideNowBookingAllocated$1@42a9a63e (tried for 240 second(s) with 15000 milliseconds interval)
Build info: version: &amp;apos;3.11.0&amp;apos;, revision: &amp;apos;e59cfb3&amp;apos;, time: &amp;apos;2018-03-11T20:26:55.152Z&amp;apos;
System info: host: &amp;apos;NAGARJUNA-Y&amp;apos;, ip: &amp;apos;192.168.167.149&amp;apos;, os.name: &amp;apos;Windows 8.1&amp;apos;, os.arch: &amp;apos;amd64&amp;apos;, os.version: &amp;apos;6.3&amp;apos;, java.version: &amp;apos;9.0.4&amp;apos;
Driver info: driver.version: unknown">
      <![CDATA[org.openqa.selenium.TimeoutException: Expected condition failed: waiting for com.test.automation.RakuRaku.homepage.TC004_VerifyRideNowBookingAllocated$1@42a9a63e (tried for 240 second(s) with 15000 milliseconds interval)
Build info: version: '3.11.0', revision: 'e59cfb3', time: '2018-03-11T20:26:55.152Z'
System info: host: 'NAGARJUNA-Y', ip: '192.168.167.149', os.name: 'Windows 8.1', os.arch: 'amd64', os.version: '6.3', java.version: '9.0.4'
Driver info: driver.version: unknown
at org.openqa.selenium.support.ui.FluentWait.timeoutException(FluentWait.java:303)
at org.openqa.selenium.support.ui.FluentWait.until(FluentWait.java:271)
at com.test.automation.RakuRaku.homepage.TC004_VerifyRideNowBookingAllocated.rideNow(TC004_VerifyRideNowBookingAllocated.java:54)
... Removed 25 stack frames]]>
    </failure>
  </testcase> <!-- rideNow -->
</testsuite> <!-- TC004_VerifyRideNowBookingAllocated -->
