<html>
<head>
<title>TestNG:  LoginPage</title>
<link href="../testng.css" rel="stylesheet" type="text/css" />
<link href="../my-testng.css" rel="stylesheet" type="text/css" />

<style type="text/css">
.log { display: none;} 
.stack-trace { display: none;} 
</style>
<script type="text/javascript">
<!--
function flip(e) {
  current = e.style.display;
  if (current == 'block') {
    e.style.display = 'none';
    return 0;
  }
  else {
    e.style.display = 'block';
    return 1;
  }
}

function toggleBox(szDivId, elem, msg1, msg2)
{
  var res = -1;  if (document.getElementById) {
    res = flip(document.getElementById(szDivId));
  }
  else if (document.all) {
    // this is the way old msie versions work
    res = flip(document.all[szDivId]);
  }
  if(elem) {
    if(res == 0) elem.innerHTML = msg1; else elem.innerHTML = msg2;
  }

}

function toggleAllBoxes() {
  if (document.getElementsByTagName) {
    d = document.getElementsByTagName('div');
    for (i = 0; i < d.length; i++) {
      if (d[i].className == 'log') {
        flip(d[i]);
      }
    }
  }
}

// -->
</script>

</head>
<body>
<h2 align='center'>LoginPage</h2><table border='1' align="center">
<tr>
<td>Tests passed/Failed/Skipped:</td><td>15/0/1</td>
</tr><tr>
<td>Started on:</td><td>Fri May 11 10:12:06 IST 2018</td>
</tr>
<tr><td>Total time:</td><td>66 seconds (66334 ms)</td>
</tr><tr>
<td>Included groups:</td><td></td>
</tr><tr>
<td>Excluded groups:</td><td></td>
</tr>
</table><p/>
<small><i>(Hover the method name to see the test class name)</i></small><p/>
<table width='100%' border='1' class='invocation-passed'>
<tr><td colspan='4' align='center'><b>PASSED TESTS</b></td></tr>
<tr><td><b>Test method</b></td>
<td width="30%"><b>Exception</b></td>
<td width="10%"><b>Time (seconds)</b></td>
<td><b>Instance</b></td>
</tr>
<tr>
<td title='com.test.automation.RakuRaku.loginpage.TC002_Verifylogin.verifyLogin()'><b>verifyLogin</b><br>Test class: com.test.automation.RakuRaku.loginpage.TC002_Verifylogin<br>Parameters: helloo, ift, y<br/>
<a href="#Output-624898187" onClick='toggleBox("Output-624898187", this, "Show output", "Hide output");'>Show output</a>

<a href="#Output-624898187" onClick="toggleAllBoxes();">Show all outputs</a>
<div class='log' id="Output-624898187">
=========>Start verify login<br/>
entered facility id:-helloo and object is[[ChromeDriver: chrome on XP (8a31d23a2510aebbf6bd81efd89b9a9d)] -> xpath: //*[@id="txtUserId"]]<br/>
entered password:-ift and object is[[ChromeDriver: chrome on XP (8a31d23a2510aebbf6bd81efd89b9a9d)] -> xpath: //*[@id="txtPassword"]]<br/>
Clicked on configuration button is[[ChromeDriver: chrome on XP (8a31d23a2510aebbf6bd81efd89b9a9d)] -> xpath: //*[@id="btnLogIn"]]<br/>
<a href='C:\Users\nagarjuna\eclipse-workspace\gitrepo\RakuRaku\src\main\java\com\test\automation\RakuRaku\screenshot\verifyLogin_helloo-11_05_2018_10_12_22.png'><img src='C:\Users\nagarjuna\eclipse-workspace\gitrepo\RakuRaku\src\main\java\com\test\automation\RakuRaku\screenshot\verifyLogin_helloo-11_05_2018_10_12_22.png' height='100' width='100'/></a><br/>
=========>Finished verify login<br/>
</div>
</td>
<td></td>
<td>4</td>
<td>com.test.automation.RakuRaku.loginpage.TC002_Verifylogin@6325a3ee</td></tr>
<tr>
<td title='com.test.automation.RakuRaku.loginpage.TC002_Verifylogin.verifyLogin()'><b>verifyLogin</b><br>Test class: com.test.automation.RakuRaku.loginpage.TC002_Verifylogin<br>Parameters: fp-ifttest, hhh, y<br/>
<a href="#Output-303012162" onClick='toggleBox("Output-303012162", this, "Show output", "Hide output");'>Show output</a>

<a href="#Output-303012162" onClick="toggleAllBoxes();">Show all outputs</a>
<div class='log' id="Output-303012162">
=========>Start verify login<br/>
entered facility id:-fp-ifttest and object is[[ChromeDriver: chrome on XP (8a31d23a2510aebbf6bd81efd89b9a9d)] -> xpath: //*[@id="txtUserId"]]<br/>
entered password:-hhh and object is[[ChromeDriver: chrome on XP (8a31d23a2510aebbf6bd81efd89b9a9d)] -> xpath: //*[@id="txtPassword"]]<br/>
Clicked on configuration button is[[ChromeDriver: chrome on XP (8a31d23a2510aebbf6bd81efd89b9a9d)] -> xpath: //*[@id="btnLogIn"]]<br/>
<a href='C:\Users\nagarjuna\eclipse-workspace\gitrepo\RakuRaku\src\main\java\com\test\automation\RakuRaku\screenshot\verifyLogin_fp-ifttest-11_05_2018_10_12_27.png'><img src='C:\Users\nagarjuna\eclipse-workspace\gitrepo\RakuRaku\src\main\java\com\test\automation\RakuRaku\screenshot\verifyLogin_fp-ifttest-11_05_2018_10_12_27.png' height='100' width='100'/></a><br/>
=========>Finished verify login<br/>
</div>
</td>
<td></td>
<td>2</td>
<td>com.test.automation.RakuRaku.loginpage.TC002_Verifylogin@6325a3ee</td></tr>
<tr>
<td title='com.test.automation.RakuRaku.loginpage.TC002_Verifylogin.verifyLogin()'><b>verifyLogin</b><br>Test class: com.test.automation.RakuRaku.loginpage.TC002_Verifylogin<br>Parameters: ffffg, fffff, y<br/>
<a href="#Output-668719074" onClick='toggleBox("Output-668719074", this, "Show output", "Hide output");'>Show output</a>

<a href="#Output-668719074" onClick="toggleAllBoxes();">Show all outputs</a>
<div class='log' id="Output-668719074">
=========>Start verify login<br/>
entered facility id:-ffffg and object is[[ChromeDriver: chrome on XP (8a31d23a2510aebbf6bd81efd89b9a9d)] -> xpath: //*[@id="txtUserId"]]<br/>
entered password:-fffff and object is[[ChromeDriver: chrome on XP (8a31d23a2510aebbf6bd81efd89b9a9d)] -> xpath: //*[@id="txtPassword"]]<br/>
Clicked on configuration button is[[ChromeDriver: chrome on XP (8a31d23a2510aebbf6bd81efd89b9a9d)] -> xpath: //*[@id="btnLogIn"]]<br/>
<a href='C:\Users\nagarjuna\eclipse-workspace\gitrepo\RakuRaku\src\main\java\com\test\automation\RakuRaku\screenshot\verifyLogin_ffffg-11_05_2018_10_12_30.png'><img src='C:\Users\nagarjuna\eclipse-workspace\gitrepo\RakuRaku\src\main\java\com\test\automation\RakuRaku\screenshot\verifyLogin_ffffg-11_05_2018_10_12_30.png' height='100' width='100'/></a><br/>
=========>Finished verify login<br/>
</div>
</td>
<td></td>
<td>2</td>
<td>com.test.automation.RakuRaku.loginpage.TC002_Verifylogin@6325a3ee</td></tr>
<tr>
<td title='com.test.automation.RakuRaku.loginpage.TC002_Verifylogin.verifyLogin()'><b>verifyLogin</b><br>Test class: com.test.automation.RakuRaku.loginpage.TC002_Verifylogin<br>Parameters: fp-ifttest, iftt, y<br/>
<a href="#Output-819634763" onClick='toggleBox("Output-819634763", this, "Show output", "Hide output");'>Show output</a>

<a href="#Output-819634763" onClick="toggleAllBoxes();">Show all outputs</a>
<div class='log' id="Output-819634763">
=========>Start verify login<br/>
entered facility id:-fp-ifttest and object is[[ChromeDriver: chrome on XP (8a31d23a2510aebbf6bd81efd89b9a9d)] -> xpath: //*[@id="txtUserId"]]<br/>
entered password:-iftt and object is[[ChromeDriver: chrome on XP (8a31d23a2510aebbf6bd81efd89b9a9d)] -> xpath: //*[@id="txtPassword"]]<br/>
Clicked on configuration button is[[ChromeDriver: chrome on XP (8a31d23a2510aebbf6bd81efd89b9a9d)] -> xpath: //*[@id="btnLogIn"]]<br/>
<a href='C:\Users\nagarjuna\eclipse-workspace\gitrepo\RakuRaku\src\main\java\com\test\automation\RakuRaku\screenshot\verifyLogin_fp-ifttest-11_05_2018_10_12_33.png'><img src='C:\Users\nagarjuna\eclipse-workspace\gitrepo\RakuRaku\src\main\java\com\test\automation\RakuRaku\screenshot\verifyLogin_fp-ifttest-11_05_2018_10_12_33.png' height='100' width='100'/></a><br/>
=========>Finished verify login<br/>
</div>
</td>
<td></td>
<td>2</td>
<td>com.test.automation.RakuRaku.loginpage.TC002_Verifylogin@6325a3ee</td></tr>
<tr>
<td title='com.test.automation.RakuRaku.loginpage.TC002_Verifylogin.verifyLogin()'><b>verifyLogin</b><br>Test class: com.test.automation.RakuRaku.loginpage.TC002_Verifylogin<br>Parameters: -, ift, y<br/>
<a href="#Output-452213214" onClick='toggleBox("Output-452213214", this, "Show output", "Hide output");'>Show output</a>

<a href="#Output-452213214" onClick="toggleAllBoxes();">Show all outputs</a>
<div class='log' id="Output-452213214">
=========>Start verify login<br/>
entered facility id:-- and object is[[ChromeDriver: chrome on XP (8a31d23a2510aebbf6bd81efd89b9a9d)] -> xpath: //*[@id="txtUserId"]]<br/>
entered password:-ift and object is[[ChromeDriver: chrome on XP (8a31d23a2510aebbf6bd81efd89b9a9d)] -> xpath: //*[@id="txtPassword"]]<br/>
Clicked on configuration button is[[ChromeDriver: chrome on XP (8a31d23a2510aebbf6bd81efd89b9a9d)] -> xpath: //*[@id="btnLogIn"]]<br/>
<a href='C:\Users\nagarjuna\eclipse-workspace\gitrepo\RakuRaku\src\main\java\com\test\automation\RakuRaku\screenshot\verifyLogin_--11_05_2018_10_12_36.png'><img src='C:\Users\nagarjuna\eclipse-workspace\gitrepo\RakuRaku\src\main\java\com\test\automation\RakuRaku\screenshot\verifyLogin_--11_05_2018_10_12_36.png' height='100' width='100'/></a><br/>
=========>Finished verify login<br/>
</div>
</td>
<td></td>
<td>2</td>
<td>com.test.automation.RakuRaku.loginpage.TC002_Verifylogin@6325a3ee</td></tr>
<tr>
<td title='com.test.automation.RakuRaku.loginpage.TC002_Verifylogin.verifyLogin()'><b>verifyLogin</b><br>Test class: com.test.automation.RakuRaku.loginpage.TC002_Verifylogin<br>Parameters: __12345, -, y<br/>
<a href="#Output-1232894329" onClick='toggleBox("Output-1232894329", this, "Show output", "Hide output");'>Show output</a>

<a href="#Output-1232894329" onClick="toggleAllBoxes();">Show all outputs</a>
<div class='log' id="Output-1232894329">
=========>Start verify login<br/>
entered facility id:-__12345 and object is[[ChromeDriver: chrome on XP (8a31d23a2510aebbf6bd81efd89b9a9d)] -> xpath: //*[@id="txtUserId"]]<br/>
entered password:-- and object is[[ChromeDriver: chrome on XP (8a31d23a2510aebbf6bd81efd89b9a9d)] -> xpath: //*[@id="txtPassword"]]<br/>
Clicked on configuration button is[[ChromeDriver: chrome on XP (8a31d23a2510aebbf6bd81efd89b9a9d)] -> xpath: //*[@id="btnLogIn"]]<br/>
<a href='C:\Users\nagarjuna\eclipse-workspace\gitrepo\RakuRaku\src\main\java\com\test\automation\RakuRaku\screenshot\verifyLogin___12345-11_05_2018_10_12_39.png'><img src='C:\Users\nagarjuna\eclipse-workspace\gitrepo\RakuRaku\src\main\java\com\test\automation\RakuRaku\screenshot\verifyLogin___12345-11_05_2018_10_12_39.png' height='100' width='100'/></a><br/>
=========>Finished verify login<br/>
</div>
</td>
<td></td>
<td>2</td>
<td>com.test.automation.RakuRaku.loginpage.TC002_Verifylogin@6325a3ee</td></tr>
<tr>
<td title='com.test.automation.RakuRaku.loginpage.TC002_Verifylogin.verifyLogin()'><b>verifyLogin</b><br>Test class: com.test.automation.RakuRaku.loginpage.TC002_Verifylogin<br>Parameters: -, -, y<br/>
<a href="#Output-1613446056" onClick='toggleBox("Output-1613446056", this, "Show output", "Hide output");'>Show output</a>

<a href="#Output-1613446056" onClick="toggleAllBoxes();">Show all outputs</a>
<div class='log' id="Output-1613446056">
=========>Start verify login<br/>
entered facility id:-- and object is[[ChromeDriver: chrome on XP (8a31d23a2510aebbf6bd81efd89b9a9d)] -> xpath: //*[@id="txtUserId"]]<br/>
entered password:-- and object is[[ChromeDriver: chrome on XP (8a31d23a2510aebbf6bd81efd89b9a9d)] -> xpath: //*[@id="txtPassword"]]<br/>
Clicked on configuration button is[[ChromeDriver: chrome on XP (8a31d23a2510aebbf6bd81efd89b9a9d)] -> xpath: //*[@id="btnLogIn"]]<br/>
<a href='C:\Users\nagarjuna\eclipse-workspace\gitrepo\RakuRaku\src\main\java\com\test\automation\RakuRaku\screenshot\verifyLogin_--11_05_2018_10_12_41.png'><img src='C:\Users\nagarjuna\eclipse-workspace\gitrepo\RakuRaku\src\main\java\com\test\automation\RakuRaku\screenshot\verifyLogin_--11_05_2018_10_12_41.png' height='100' width='100'/></a><br/>
=========>Finished verify login<br/>
</div>
</td>
<td></td>
<td>2</td>
<td>com.test.automation.RakuRaku.loginpage.TC002_Verifylogin@6325a3ee</td></tr>
<tr>
<td title='com.test.automation.RakuRaku.loginpage.TC002_Verifylogin.verifyLogin()'><b>verifyLogin</b><br>Test class: com.test.automation.RakuRaku.loginpage.TC002_Verifylogin<br>Parameters: !#@@@, ssss, y<br/>
<a href="#Output-1555314838" onClick='toggleBox("Output-1555314838", this, "Show output", "Hide output");'>Show output</a>

<a href="#Output-1555314838" onClick="toggleAllBoxes();">Show all outputs</a>
<div class='log' id="Output-1555314838">
=========>Start verify login<br/>
entered facility id:-!#@@@ and object is[[ChromeDriver: chrome on XP (8a31d23a2510aebbf6bd81efd89b9a9d)] -> xpath: //*[@id="txtUserId"]]<br/>
entered password:-ssss and object is[[ChromeDriver: chrome on XP (8a31d23a2510aebbf6bd81efd89b9a9d)] -> xpath: //*[@id="txtPassword"]]<br/>
Clicked on configuration button is[[ChromeDriver: chrome on XP (8a31d23a2510aebbf6bd81efd89b9a9d)] -> xpath: //*[@id="btnLogIn"]]<br/>
<a href='C:\Users\nagarjuna\eclipse-workspace\gitrepo\RakuRaku\src\main\java\com\test\automation\RakuRaku\screenshot\verifyLogin_!#@@@-11_05_2018_10_12_44.png'><img src='C:\Users\nagarjuna\eclipse-workspace\gitrepo\RakuRaku\src\main\java\com\test\automation\RakuRaku\screenshot\verifyLogin_!#@@@-11_05_2018_10_12_44.png' height='100' width='100'/></a><br/>
=========>Finished verify login<br/>
</div>
</td>
<td></td>
<td>2</td>
<td>com.test.automation.RakuRaku.loginpage.TC002_Verifylogin@6325a3ee</td></tr>
<tr>
<td title='com.test.automation.RakuRaku.loginpage.TC001_VerifyLoginWithInvalidCredentails.verifyLogin_EmptyID_EmptyPassword()'><b>verifyLogin_EmptyID_EmptyPassword</b><br>Test class: com.test.automation.RakuRaku.loginpage.TC001_VerifyLoginWithInvalidCredentails<br/>
<a href="#Output-1565692955" onClick='toggleBox("Output-1565692955", this, "Show output", "Hide output");'>Show output</a>

<a href="#Output-1565692955" onClick="toggleAllBoxes();">Show all outputs</a>
<div class='log' id="Output-1565692955">
entered facility id:- and object is[[ChromeDriver: chrome on XP (7d029db0949fda3540148278a5d247b2)] -> xpath: //*[@id="txtUserId"]]<br/>
entered password:- and object is[[ChromeDriver: chrome on XP (7d029db0949fda3540148278a5d247b2)] -> xpath: //*[@id="txtPassword"]]<br/>
Clicked on configuration button is[[ChromeDriver: chrome on XP (7d029db0949fda3540148278a5d247b2)] -> xpath: //*[@id="btnLogIn"]]<br/>
</div>
</td>
<td></td>
<td>2</td>
<td>com.test.automation.RakuRaku.loginpage.TC001_VerifyLoginWithInvalidCredentails@3a5ed7a6</td></tr>
<tr>
<td title='com.test.automation.RakuRaku.loginpage.TC001_VerifyLoginWithInvalidCredentails.verifyLogin_EmptyID_InvalidPassword()'><b>verifyLogin_EmptyID_InvalidPassword</b><br>Test class: com.test.automation.RakuRaku.loginpage.TC001_VerifyLoginWithInvalidCredentails<br/>
<a href="#Output-1974356423" onClick='toggleBox("Output-1974356423", this, "Show output", "Hide output");'>Show output</a>

<a href="#Output-1974356423" onClick="toggleAllBoxes();">Show all outputs</a>
<div class='log' id="Output-1974356423">
entered facility id:- and object is[[ChromeDriver: chrome on XP (7d029db0949fda3540148278a5d247b2)] -> xpath: //*[@id="txtUserId"]]<br/>
entered password:-123 and object is[[ChromeDriver: chrome on XP (7d029db0949fda3540148278a5d247b2)] -> xpath: //*[@id="txtPassword"]]<br/>
Clicked on configuration button is[[ChromeDriver: chrome on XP (7d029db0949fda3540148278a5d247b2)] -> xpath: //*[@id="btnLogIn"]]<br/>
</div>
</td>
<td></td>
<td>2</td>
<td>com.test.automation.RakuRaku.loginpage.TC001_VerifyLoginWithInvalidCredentails@3a5ed7a6</td></tr>
<tr>
<td title='com.test.automation.RakuRaku.loginpage.TC001_VerifyLoginWithInvalidCredentails.verifyLogin_EmptyID_ValidPassword()'><b>verifyLogin_EmptyID_ValidPassword</b><br>Test class: com.test.automation.RakuRaku.loginpage.TC001_VerifyLoginWithInvalidCredentails<br/>
<a href="#Output-1860009506" onClick='toggleBox("Output-1860009506", this, "Show output", "Hide output");'>Show output</a>

<a href="#Output-1860009506" onClick="toggleAllBoxes();">Show all outputs</a>
<div class='log' id="Output-1860009506">
entered facility id:- and object is[[ChromeDriver: chrome on XP (7d029db0949fda3540148278a5d247b2)] -> xpath: //*[@id="txtUserId"]]<br/>
entered password:-ift and object is[[ChromeDriver: chrome on XP (7d029db0949fda3540148278a5d247b2)] -> xpath: //*[@id="txtPassword"]]<br/>
Clicked on configuration button is[[ChromeDriver: chrome on XP (7d029db0949fda3540148278a5d247b2)] -> xpath: //*[@id="btnLogIn"]]<br/>
</div>
</td>
<td></td>
<td>2</td>
<td>com.test.automation.RakuRaku.loginpage.TC001_VerifyLoginWithInvalidCredentails@3a5ed7a6</td></tr>
<tr>
<td title='com.test.automation.RakuRaku.loginpage.TC001_VerifyLoginWithInvalidCredentails.verifyLogin_InvalidID_EmptyPassword()'><b>verifyLogin_InvalidID_EmptyPassword</b><br>Test class: com.test.automation.RakuRaku.loginpage.TC001_VerifyLoginWithInvalidCredentails<br/>
<a href="#Output-1272237569" onClick='toggleBox("Output-1272237569", this, "Show output", "Hide output");'>Show output</a>

<a href="#Output-1272237569" onClick="toggleAllBoxes();">Show all outputs</a>
<div class='log' id="Output-1272237569">
entered facility id:-ifttest and object is[[ChromeDriver: chrome on XP (7d029db0949fda3540148278a5d247b2)] -> xpath: //*[@id="txtUserId"]]<br/>
entered password:- and object is[[ChromeDriver: chrome on XP (7d029db0949fda3540148278a5d247b2)] -> xpath: //*[@id="txtPassword"]]<br/>
Clicked on configuration button is[[ChromeDriver: chrome on XP (7d029db0949fda3540148278a5d247b2)] -> xpath: //*[@id="btnLogIn"]]<br/>
</div>
</td>
<td></td>
<td>2</td>
<td>com.test.automation.RakuRaku.loginpage.TC001_VerifyLoginWithInvalidCredentails@3a5ed7a6</td></tr>
<tr>
<td title='com.test.automation.RakuRaku.loginpage.TC001_VerifyLoginWithInvalidCredentails.verifyLogin_InvalidID_InvalidPassword()'><b>verifyLogin_InvalidID_InvalidPassword</b><br>Test class: com.test.automation.RakuRaku.loginpage.TC001_VerifyLoginWithInvalidCredentails<br/>
<a href="#Output-841855950" onClick='toggleBox("Output-841855950", this, "Show output", "Hide output");'>Show output</a>

<a href="#Output-841855950" onClick="toggleAllBoxes();">Show all outputs</a>
<div class='log' id="Output-841855950">
entered facility id:-ifttest and object is[[ChromeDriver: chrome on XP (7d029db0949fda3540148278a5d247b2)] -> xpath: //*[@id="txtUserId"]]<br/>
entered password:-helllo and object is[[ChromeDriver: chrome on XP (7d029db0949fda3540148278a5d247b2)] -> xpath: //*[@id="txtPassword"]]<br/>
Clicked on configuration button is[[ChromeDriver: chrome on XP (7d029db0949fda3540148278a5d247b2)] -> xpath: //*[@id="btnLogIn"]]<br/>
</div>
</td>
<td></td>
<td>2</td>
<td>com.test.automation.RakuRaku.loginpage.TC001_VerifyLoginWithInvalidCredentails@3a5ed7a6</td></tr>
<tr>
<td title='com.test.automation.RakuRaku.loginpage.TC001_VerifyLoginWithInvalidCredentails.verifyLogin_InvalidID_ValidPassword()'><b>verifyLogin_InvalidID_ValidPassword</b><br>Test class: com.test.automation.RakuRaku.loginpage.TC001_VerifyLoginWithInvalidCredentails<br/>
<a href="#Output-32132965" onClick='toggleBox("Output-32132965", this, "Show output", "Hide output");'>Show output</a>

<a href="#Output-32132965" onClick="toggleAllBoxes();">Show all outputs</a>
<div class='log' id="Output-32132965">
entered facility id:-heloooo and object is[[ChromeDriver: chrome on XP (7d029db0949fda3540148278a5d247b2)] -> xpath: //*[@id="txtUserId"]]<br/>
entered password:-ift and object is[[ChromeDriver: chrome on XP (7d029db0949fda3540148278a5d247b2)] -> xpath: //*[@id="txtPassword"]]<br/>
Clicked on configuration button is[[ChromeDriver: chrome on XP (7d029db0949fda3540148278a5d247b2)] -> xpath: //*[@id="btnLogIn"]]<br/>
<a href='C:\Users\nagarjuna\eclipse-workspace\gitrepo\RakuRaku\src\main\java\com\test\automation\RakuRaku\screenshot\???????????????-11_05_2018_10_12_58.png'><img src='C:\Users\nagarjuna\eclipse-workspace\gitrepo\RakuRaku\src\main\java\com\test\automation\RakuRaku\screenshot\???????????????-11_05_2018_10_12_58.png' height='100' width='100'/></a><br/>
</div>
</td>
<td></td>
<td>5</td>
<td>com.test.automation.RakuRaku.loginpage.TC001_VerifyLoginWithInvalidCredentails@3a5ed7a6</td></tr>
<tr>
<td title='com.test.automation.RakuRaku.loginpage.TC001_VerifyLoginWithInvalidCredentails.verifyLogin_ValidID_EmptyPassword()'><b>verifyLogin_ValidID_EmptyPassword</b><br>Test class: com.test.automation.RakuRaku.loginpage.TC001_VerifyLoginWithInvalidCredentails<br/>
<a href="#Output-35004836" onClick='toggleBox("Output-35004836", this, "Show output", "Hide output");'>Show output</a>

<a href="#Output-35004836" onClick="toggleAllBoxes();">Show all outputs</a>
<div class='log' id="Output-35004836">
entered facility id:-fp-ifttest and object is[[ChromeDriver: chrome on XP (7d029db0949fda3540148278a5d247b2)] -> xpath: //*[@id="txtUserId"]]<br/>
entered password:- and object is[[ChromeDriver: chrome on XP (7d029db0949fda3540148278a5d247b2)] -> xpath: //*[@id="txtPassword"]]<br/>
Clicked on configuration button is[[ChromeDriver: chrome on XP (7d029db0949fda3540148278a5d247b2)] -> xpath: //*[@id="btnLogIn"]]<br/>
</div>
</td>
<td></td>
<td>2</td>
<td>com.test.automation.RakuRaku.loginpage.TC001_VerifyLoginWithInvalidCredentails@3a5ed7a6</td></tr>
</table><p>
<table width='100%' border='1' class='invocation-skipped'>
<tr><td colspan='4' align='center'><b>SKIPPED TESTS</b></td></tr>
<tr><td><b>Test method</b></td>
<td width="30%"><b>Exception</b></td>
<td width="10%"><b>Time (seconds)</b></td>
<td><b>Instance</b></td>
</tr>
<tr>
<td title='com.test.automation.RakuRaku.loginpage.TC002_Verifylogin.verifyLogin()'><b>verifyLogin</b><br>Test class: com.test.automation.RakuRaku.loginpage.TC002_Verifylogin<br>Parameters: fp-ifttest, hhh, y<br/>
<a href="#Output-632102033" onClick='toggleBox("Output-632102033", this, "Show output", "Hide output");'>Show output</a>

<a href="#Output-632102033" onClick="toggleAllBoxes();">Show all outputs</a>
<div class='log' id="Output-632102033">
=========>Start verify login<br/>
entered facility id:-fp-ifttest and object is[[ChromeDriver: chrome on XP (8a31d23a2510aebbf6bd81efd89b9a9d)] -> xpath: //*[@id="txtUserId"]]<br/>
entered password:-hhh and object is[[ChromeDriver: chrome on XP (8a31d23a2510aebbf6bd81efd89b9a9d)] -> xpath: //*[@id="txtPassword"]]<br/>
Retrying testverifyLoginwith status nullfor the1time(s).<br/>
</div>
</td>
<td><div><pre>org.openqa.selenium.WebDriverException: unknown error: Element &lt;button type=&quot;button&quot; class=&quot;btn blue btn-lg btn-block rounded-3 font-hg bold&quot; id=&quot;btnLogIn&quot;&gt;...&lt;/button&gt; is not clickable at point (640, 228). Other element would receive the click: &lt;div class=&quot;blockUI blockOverlay&quot; style=&quot;z-index: 1000; border: none; margin: 0px; padding: 0px; width: 100%; height: 100%; top: 0px; left: 0px; background-color: rgb(85, 85, 85); opacity: 0.9; cursor: wait; position: fixed;&quot;&gt;&lt;/div&gt;
  (Session info: chrome=66.0.3359.139)
  (Driver info: chromedriver=2.36.540470 (e522d04694c7ebea4ba8821272dbef4f9b818c91),platform=Windows NT 6.3.9600 x86_64) (WARNING: The server did not provide any stacktrace information)
Command duration or timeout: 0 milliseconds
Build info: version: &apos;3.11.0&apos;, revision: &apos;e59cfb3&apos;, time: &apos;2018-03-11T20:26:55.152Z&apos;
System info: host: &apos;NAGARJUNA-Y&apos;, ip: &apos;192.168.167.149&apos;, os.name: &apos;Windows 8.1&apos;, os.arch: &apos;amd64&apos;, os.version: &apos;6.3&apos;, java.version: &apos;1.8.0_171&apos;
Driver info: org.openqa.selenium.chrome.ChromeDriver
Capabilities {acceptInsecureCerts: false, acceptSslCerts: false, applicationCacheEnabled: false, browserConnectionEnabled: false, browserName: chrome, chrome: {chromedriverVersion: 2.36.540470 (e522d04694c7eb..., userDataDir: C:\Users\NAGARJ~1\AppData\L...}, cssSelectorsEnabled: true, databaseEnabled: false, handlesAlerts: true, hasTouchScreen: false, javascriptEnabled: true, locationContextEnabled: true, mobileEmulationEnabled: false, nativeEvents: true, networkConnectionEnabled: false, pageLoadStrategy: normal, platform: XP, platformName: XP, rotatable: false, setWindowRect: true, takesHeapSnapshot: true, takesScreenshot: true, unexpectedAlertBehaviour: , unhandledPromptBehavior: , version: 66.0.3359.139, webStorageEnabled: true}
Session ID: 8a31d23a2510aebbf6bd81efd89b9a9d
	at org.openqa.selenium.remote.ErrorHandler.createThrowable(ErrorHandler.java:214)
	at org.openqa.selenium.remote.ErrorHandler.throwIfResponseFailed(ErrorHandler.java:166)
	at org.openqa.selenium.remote.http.JsonHttpResponseCodec.reconstructValue(JsonHttpResponseCodec.java:40)
	at org.openqa.selenium.remote.http.AbstractHttpResponseCodec.decode(AbstractHttpResponseCodec.java:80)
	at org.openqa.selenium.remote.http.AbstractHttpResponseCodec.decode(AbstractHttpResponseCodec.java:44)
	at org.openqa.selenium.remote.HttpCommandExecutor.execute(HttpCommandExecutor.java:158)
	at org.openqa.selenium.remote.service.DriverCommandExecutor.execute(DriverCommandExecutor.java:83)
	at org.openqa.selenium.remote.RemoteWebDriver.execute(RemoteWebDriver.java:545)
	at org.openqa.selenium.remote.RemoteWebElement.execute(RemoteWebElement.java:279)
	at org.openqa.selenium.remote.RemoteWebElement.click(RemoteWebElement.java:83)
	at org.openqa.selenium.support.pagefactory.internal.LocatingElementHandler.invoke(LocatingElementHandler.java:51)
	at com.sun.proxy.$Proxy10.click(Unknown Source)
	at com.test.automation.RakuRaku.uiActions.LoginPage.loginToApplication(LoginPage.java:47)
	at com.test.automation.RakuRaku.loginpage.TC002_Verifylogin.verifyLogin(TC002_Verifylogin.java:48)
	at java.util.concurrent.ThreadPoolExecutor.runWorker(ThreadPoolExecutor.java:1149)
	at java.util.concurrent.ThreadPoolExecutor$Worker.run(ThreadPoolExecutor.java:624)
	at java.lang.Thread.run(Thread.java:748)
... Removed 18 stack frames</pre></div><a href='#' onClick='toggleBox("stack-trace632102033", this, "Click to show all stack frames", "Click to hide stack frames")'>Click to show all stack frames</a>
<div class='stack-trace' id='stack-trace632102033'><pre>org.openqa.selenium.WebDriverException: unknown error: Element &lt;button type=&quot;button&quot; class=&quot;btn blue btn-lg btn-block rounded-3 font-hg bold&quot; id=&quot;btnLogIn&quot;&gt;...&lt;/button&gt; is not clickable at point (640, 228). Other element would receive the click: &lt;div class=&quot;blockUI blockOverlay&quot; style=&quot;z-index: 1000; border: none; margin: 0px; padding: 0px; width: 100%; height: 100%; top: 0px; left: 0px; background-color: rgb(85, 85, 85); opacity: 0.9; cursor: wait; position: fixed;&quot;&gt;&lt;/div&gt;
  (Session info: chrome=66.0.3359.139)
  (Driver info: chromedriver=2.36.540470 (e522d04694c7ebea4ba8821272dbef4f9b818c91),platform=Windows NT 6.3.9600 x86_64) (WARNING: The server did not provide any stacktrace information)
Command duration or timeout: 0 milliseconds
Build info: version: &apos;3.11.0&apos;, revision: &apos;e59cfb3&apos;, time: &apos;2018-03-11T20:26:55.152Z&apos;
System info: host: &apos;NAGARJUNA-Y&apos;, ip: &apos;192.168.167.149&apos;, os.name: &apos;Windows 8.1&apos;, os.arch: &apos;amd64&apos;, os.version: &apos;6.3&apos;, java.version: &apos;1.8.0_171&apos;
Driver info: org.openqa.selenium.chrome.ChromeDriver
Capabilities {acceptInsecureCerts: false, acceptSslCerts: false, applicationCacheEnabled: false, browserConnectionEnabled: false, browserName: chrome, chrome: {chromedriverVersion: 2.36.540470 (e522d04694c7eb..., userDataDir: C:\Users\NAGARJ~1\AppData\L...}, cssSelectorsEnabled: true, databaseEnabled: false, handlesAlerts: true, hasTouchScreen: false, javascriptEnabled: true, locationContextEnabled: true, mobileEmulationEnabled: false, nativeEvents: true, networkConnectionEnabled: false, pageLoadStrategy: normal, platform: XP, platformName: XP, rotatable: false, setWindowRect: true, takesHeapSnapshot: true, takesScreenshot: true, unexpectedAlertBehaviour: , unhandledPromptBehavior: , version: 66.0.3359.139, webStorageEnabled: true}
Session ID: 8a31d23a2510aebbf6bd81efd89b9a9d
	at sun.reflect.NativeConstructorAccessorImpl.newInstance0(Native Method)
	at sun.reflect.NativeConstructorAccessorImpl.newInstance(NativeConstructorAccessorImpl.java:62)
	at sun.reflect.DelegatingConstructorAccessorImpl.newInstance(DelegatingConstructorAccessorImpl.java:45)
	at java.lang.reflect.Constructor.newInstance(Constructor.java:423)
	at org.openqa.selenium.remote.ErrorHandler.createThrowable(ErrorHandler.java:214)
	at org.openqa.selenium.remote.ErrorHandler.throwIfResponseFailed(ErrorHandler.java:166)
	at org.openqa.selenium.remote.http.JsonHttpResponseCodec.reconstructValue(JsonHttpResponseCodec.java:40)
	at org.openqa.selenium.remote.http.AbstractHttpResponseCodec.decode(AbstractHttpResponseCodec.java:80)
	at org.openqa.selenium.remote.http.AbstractHttpResponseCodec.decode(AbstractHttpResponseCodec.java:44)
	at org.openqa.selenium.remote.HttpCommandExecutor.execute(HttpCommandExecutor.java:158)
	at org.openqa.selenium.remote.service.DriverCommandExecutor.execute(DriverCommandExecutor.java:83)
	at org.openqa.selenium.remote.RemoteWebDriver.execute(RemoteWebDriver.java:545)
	at org.openqa.selenium.remote.RemoteWebElement.execute(RemoteWebElement.java:279)
	at org.openqa.selenium.remote.RemoteWebElement.click(RemoteWebElement.java:83)
	at sun.reflect.NativeMethodAccessorImpl.invoke0(Native Method)
	at sun.reflect.NativeMethodAccessorImpl.invoke(NativeMethodAccessorImpl.java:62)
	at sun.reflect.DelegatingMethodAccessorImpl.invoke(DelegatingMethodAccessorImpl.java:43)
	at java.lang.reflect.Method.invoke(Method.java:498)
	at org.openqa.selenium.support.pagefactory.internal.LocatingElementHandler.invoke(LocatingElementHandler.java:51)
	at com.sun.proxy.$Proxy10.click(Unknown Source)
	at com.test.automation.RakuRaku.uiActions.LoginPage.loginToApplication(LoginPage.java:47)
	at com.test.automation.RakuRaku.loginpage.TC002_Verifylogin.verifyLogin(TC002_Verifylogin.java:48)
	at sun.reflect.NativeMethodAccessorImpl.invoke0(Native Method)
	at sun.reflect.NativeMethodAccessorImpl.invoke(NativeMethodAccessorImpl.java:62)
	at sun.reflect.DelegatingMethodAccessorImpl.invoke(DelegatingMethodAccessorImpl.java:43)
	at java.lang.reflect.Method.invoke(Method.java:498)
	at org.testng.internal.MethodInvocationHelper.invokeMethod(MethodInvocationHelper.java:124)
	at org.testng.internal.Invoker.invokeMethod(Invoker.java:580)
	at org.testng.internal.Invoker.invokeTestMethod(Invoker.java:716)
	at org.testng.internal.Invoker.invokeTestMethods(Invoker.java:988)
	at org.testng.internal.TestMethodWorker.invokeTestMethods(TestMethodWorker.java:125)
	at org.testng.internal.TestMethodWorker.run(TestMethodWorker.java:109)
	at java.util.concurrent.ThreadPoolExecutor.runWorker(ThreadPoolExecutor.java:1149)
	at java.util.concurrent.ThreadPoolExecutor$Worker.run(ThreadPoolExecutor.java:624)
	at java.lang.Thread.run(Thread.java:748)
</pre></div></td>
<td>2</td>
<td>com.test.automation.RakuRaku.loginpage.TC002_Verifylogin@6325a3ee</td></tr>
</table><p>
</body>
</html>